<?xml version="1.0" encoding="UTF-8"?>
<!-- Generated by org.testng.reporters.JUnitReportReporter -->
<testsuite hostname="DESKTOP-51S8IMU" failures="0" tests="20" name="TestCases.FinalTest" time="165.721" errors="0" timestamp="2024-08-29T13:07:01 IST" skipped="0">
  <testcase classname="TestCases.FinalTest" name="refineByDiscount" time="7.141"/>
  <testcase classname="TestCases.FinalTest" name="refineBybinding" time="8.370"/>
  <testcase classname="TestCases.FinalTest" name="listView" time="7.608"/>
  <testcase classname="TestCases.FinalTest" name="gridView" time="8.315"/>
  <testcase classname="TestCases.FinalTest" name="InvalidInput" time="6.108"/>
  <testcase classname="TestCases.FinalTest" name="InvaidPage" time="5.609"/>
  <testcase classname="TestCases.FinalTest" name="EmptyInput" time="10.824"/>
  <testcase classname="TestCases.FinalTest" name="refineBySource" time="6.616"/>
  <testcase classname="TestCases.FinalTest" name="refineByTitle" time="6.272"/>
  <testcase classname="TestCases.FinalTest" name="searchByWriter" time="5.517"/>
  <testcase classname="TestCases.FinalTest" name="clearSearchBox" time="7.284"/>
  <testcase classname="TestCases.FinalTest" name="refineByPrice" time="14.685"/>
  <testcase classname="TestCases.FinalTest" name="shortby" time="8.005"/>
  <testcase classname="TestCases.FinalTest" name="addToWishlist" time="14.469"/>
  <testcase classname="TestCases.FinalTest" name="refineByLanguage" time="8.129"/>
  <testcase classname="TestCases.FinalTest" name="searchBook" time="6.435"/>
  <testcase classname="TestCases.FinalTest" name="mixInput" time="6.551"/>
  <testcase classname="TestCases.FinalTest" name="refineByAvailability" time="12.351"/>
  <testcase classname="TestCases.FinalTest" name="addToCart" time="6.736"/>
  <testcase classname="TestCases.FinalTest" name="endToEndTest" time="8.696"/>
</testsuite> <!-- TestCases.FinalTest -->
