<?xml version="1.0" encoding="UTF-8"?>
<!-- Generated by org.testng.reporters.JUnitReportReporter -->
<testsuite hostname="DESKTOP-51S8IMU" failures="0" tests="20" name="TestCases.FinalTest" time="248.774" errors="0" timestamp="2024-08-31T18:36:29 IST" skipped="0">
  <testcase classname="TestCases.FinalTest" name="InvaidPage" time="12.835"/>
  <testcase classname="TestCases.FinalTest" name="addToWishlist" time="14.047"/>
  <testcase classname="TestCases.FinalTest" name="refineBySource" time="11.939"/>
  <testcase classname="TestCases.FinalTest" name="EmptyInput" time="9.583"/>
  <testcase classname="TestCases.FinalTest" name="shortby" time="13.668"/>
  <testcase classname="TestCases.FinalTest" name="refineByAvailability" time="12.412"/>
  <testcase classname="TestCases.FinalTest" name="refineByTitle" time="12.373"/>
  <testcase classname="TestCases.FinalTest" name="InvalidInput" time="10.770"/>
  <testcase classname="TestCases.FinalTest" name="endToEndTest" time="14.705"/>
  <testcase classname="TestCases.FinalTest" name="refineByPrice" time="12.100"/>
  <testcase classname="TestCases.FinalTest" name="clearSearchBox" time="11.519"/>
  <testcase classname="TestCases.FinalTest" name="mixInput" time="11.195"/>
  <testcase classname="TestCases.FinalTest" name="listView" time="14.225"/>
  <testcase classname="TestCases.FinalTest" name="refineByLanguage" time="12.586"/>
  <testcase classname="TestCases.FinalTest" name="searchBook" time="11.112"/>
  <testcase classname="TestCases.FinalTest" name="refineByDiscount" time="12.156"/>
  <testcase classname="TestCases.FinalTest" name="gridView" time="12.661"/>
  <testcase classname="TestCases.FinalTest" name="refineBybinding" time="14.290"/>
  <testcase classname="TestCases.FinalTest" name="searchByWriter" time="10.413"/>
  <testcase classname="TestCases.FinalTest" name="addToCart" time="14.185"/>
</testsuite> <!-- TestCases.FinalTest -->
