<?xml version="1.0" encoding="UTF-8"?>
<!-- Generated by org.testng.reporters.JUnitReportReporter -->
<testsuite hostname="DESKTOP-51S8IMU" failures="0" tests="20" name="TestCases.FinalTest" time="156.825" errors="0" timestamp="2024-08-30T15:07:43 IST" skipped="0">
  <testcase classname="TestCases.FinalTest" name="refineByAvailability" time="8.961"/>
  <testcase classname="TestCases.FinalTest" name="addToWishlist" time="8.454"/>
  <testcase classname="TestCases.FinalTest" name="EmptyInput" time="6.322"/>
  <testcase classname="TestCases.FinalTest" name="refineByDiscount" time="7.701"/>
  <testcase classname="TestCases.FinalTest" name="refineByLanguage" time="7.280"/>
  <testcase classname="TestCases.FinalTest" name="endToEndTest" time="8.794"/>
  <testcase classname="TestCases.FinalTest" name="refineBybinding" time="8.285"/>
  <testcase classname="TestCases.FinalTest" name="InvaidPage" time="9.631"/>
  <testcase classname="TestCases.FinalTest" name="refineByPrice" time="7.636"/>
  <testcase classname="TestCases.FinalTest" name="gridView" time="8.015"/>
  <testcase classname="TestCases.FinalTest" name="listView" time="8.877"/>
  <testcase classname="TestCases.FinalTest" name="shortby" time="8.471"/>
  <testcase classname="TestCases.FinalTest" name="InvalidInput" time="7.150"/>
  <testcase classname="TestCases.FinalTest" name="searchBook" time="7.792"/>
  <testcase classname="TestCases.FinalTest" name="addToCart" time="8.100"/>
  <testcase classname="TestCases.FinalTest" name="refineBySource" time="7.991"/>
  <testcase classname="TestCases.FinalTest" name="searchByWriter" time="6.921"/>
  <testcase classname="TestCases.FinalTest" name="clearSearchBox" time="7.054"/>
  <testcase classname="TestCases.FinalTest" name="mixInput" time="7.442"/>
  <testcase classname="TestCases.FinalTest" name="refineByTitle" time="5.948"/>
</testsuite> <!-- TestCases.FinalTest -->
