<?xml version="1.0" encoding="UTF-8"?>
<!-- Generated by org.testng.reporters.JUnitReportReporter -->
<testsuite hostname="DESKTOP-51S8IMU" failures="0" tests="20" name="TestCases.FinalTest" time="249.197" errors="0" timestamp="2024-08-31T18:56:58 IST" skipped="0">
  <testcase classname="TestCases.FinalTest" name="gridView" time="12.287"/>
  <testcase classname="TestCases.FinalTest" name="refineByPrice" time="12.363"/>
  <testcase classname="TestCases.FinalTest" name="refineByTitle" time="12.318"/>
  <testcase classname="TestCases.FinalTest" name="refineByAvailability" time="12.898"/>
  <testcase classname="TestCases.FinalTest" name="InvalidInput" time="13.046"/>
  <testcase classname="TestCases.FinalTest" name="shortby" time="14.223"/>
  <testcase classname="TestCases.FinalTest" name="searchBook" time="11.184"/>
  <testcase classname="TestCases.FinalTest" name="EmptyInput" time="9.926"/>
  <testcase classname="TestCases.FinalTest" name="addToWishlist" time="14.331"/>
  <testcase classname="TestCases.FinalTest" name="searchByWriter" time="10.752"/>
  <testcase classname="TestCases.FinalTest" name="addToCart" time="13.726"/>
  <testcase classname="TestCases.FinalTest" name="clearSearchBox" time="11.955"/>
  <testcase classname="TestCases.FinalTest" name="endToEndTest" time="13.554"/>
  <testcase classname="TestCases.FinalTest" name="refineBySource" time="11.849"/>
  <testcase classname="TestCases.FinalTest" name="listView" time="12.873"/>
  <testcase classname="TestCases.FinalTest" name="refineByDiscount" time="12.045"/>
  <testcase classname="TestCases.FinalTest" name="refineByLanguage" time="12.651"/>
  <testcase classname="TestCases.FinalTest" name="InvaidPage" time="12.395"/>
  <testcase classname="TestCases.FinalTest" name="mixInput" time="12.463"/>
  <testcase classname="TestCases.FinalTest" name="refineBybinding" time="12.358"/>
</testsuite> <!-- TestCases.FinalTest -->
