<?xml version="1.0" encoding="UTF-8"?>
<!-- Generated by org.testng.reporters.JUnitReportReporter -->
<testsuite hostname="DESKTOP-51S8IMU" failures="0" tests="20" name="TestCases.FinalTest" time="162.902" errors="0" timestamp="2024-08-30T15:10:49 IST" skipped="0">
  <testcase classname="TestCases.FinalTest" name="addToCart" time="9.571"/>
  <testcase classname="TestCases.FinalTest" name="refineByAvailability" time="8.687"/>
  <testcase classname="TestCases.FinalTest" name="clearSearchBox" time="6.922"/>
  <testcase classname="TestCases.FinalTest" name="InvalidInput" time="6.558"/>
  <testcase classname="TestCases.FinalTest" name="searchByWriter" time="6.025"/>
  <testcase classname="TestCases.FinalTest" name="refineBybinding" time="9.393"/>
  <testcase classname="TestCases.FinalTest" name="EmptyInput" time="6.052"/>
  <testcase classname="TestCases.FinalTest" name="mixInput" time="8.810"/>
  <testcase classname="TestCases.FinalTest" name="InvaidPage" time="8.389"/>
  <testcase classname="TestCases.FinalTest" name="refineByDiscount" time="7.818"/>
  <testcase classname="TestCases.FinalTest" name="refineByPrice" time="8.041"/>
  <testcase classname="TestCases.FinalTest" name="endToEndTest" time="9.747"/>
  <testcase classname="TestCases.FinalTest" name="searchBook" time="7.394"/>
  <testcase classname="TestCases.FinalTest" name="listView" time="9.780"/>
  <testcase classname="TestCases.FinalTest" name="refineByLanguage" time="8.021"/>
  <testcase classname="TestCases.FinalTest" name="addToWishlist" time="8.691"/>
  <testcase classname="TestCases.FinalTest" name="refineByTitle" time="8.315"/>
  <testcase classname="TestCases.FinalTest" name="refineBySource" time="8.107"/>
  <testcase classname="TestCases.FinalTest" name="gridView" time="7.565"/>
  <testcase classname="TestCases.FinalTest" name="shortby" time="9.016"/>
</testsuite> <!-- TestCases.FinalTest -->
